20130830-03:24:49: Session FIX.4.4:EXECUTOR3->BVMF2 schedule is daily, 00:00:00-UTC - 23:59:00-UTC
20130830-03:24:49: Created session: FIX.4.4:EXECUTOR3->BVMF2
20130830-03:24:50: Initiated logon request
20130830-03:24:51: Logon contains ResetSeqNumFlag=Y, resetting sequence numbers to 1
20130830-03:24:51: Received logon
20130830-03:39:54: Session FIX.4.4:EXECUTOR3->BVMF2 schedule is daily, 00:00:00-UTC - 23:59:00-UTC
20130830-03:39:54: Created session: FIX.4.4:EXECUTOR3->BVMF2
20130830-03:39:55: Initiated logon request
20130830-03:39:55: Logon contains ResetSeqNumFlag=Y, resetting sequence numbers to 1
20130830-03:39:55: Received logon
20131011-00:59:32: Session FIX.4.4:EXECUTOR3->BVMF2 schedule is daily, 00:00:00-UTC - 23:59:00-UTC
20131011-00:59:32: Session state is not current; resetting FIX.4.4:EXECUTOR3->BVMF2
20131011-00:59:32: Created session: FIX.4.4:EXECUTOR3->BVMF2
20131011-00:59:32: java.net.ConnectException: java.net.ConnectException: Connection refused (Next retry in 30000 milliseconds)
20131011-01:27:56: Session FIX.4.4:EXECUTOR3->BVMF2 schedule is daily, 00:00:00-UTC - 23:59:00-UTC
20131011-01:27:56: Created session: FIX.4.4:EXECUTOR3->BVMF2
20131011-01:27:56: java.net.ConnectException: java.net.ConnectException: Connection refused (Next retry in 30000 milliseconds)
20131011-01:28:27: Initiated logon request
20131011-01:28:27: Logon contains ResetSeqNumFlag=Y, resetting sequence numbers to 1
20131011-01:28:27: Received logon
20131011-01:28:27: Application exception in onLogon()
com.mongodb.MongoException$Network: can't call something : sazevedo.local/192.168.1.44:27017/ExecutionServer
	at com.mongodb.DBTCPConnector.call(DBTCPConnector.java:227)
	at com.mongodb.DBApiLayer$MyCollection.__find(DBApiLayer.java:305)
	at com.mongodb.DBCursor._check(DBCursor.java:369)
	at com.mongodb.DBCursor._hasNext(DBCursor.java:504)
	at com.mongodb.DBCursor.hasNext(DBCursor.java:529)
	at executionserver.controller.DatabaseController.findStuck(DatabaseController.java:397)
	at executionserver.fix.AbstractFixConnection.onLogon(AbstractFixConnection.java:231)
	at quickfix.Session.nextLogon(Session.java:2089)
	at quickfix.Session.next(Session.java:973)
	at quickfix.mina.SingleThreadedEventHandlingStrategy$SessionMessageEvent.processMessage(SingleThreadedEventHandlingStrategy.java:114)
	at quickfix.mina.SingleThreadedEventHandlingStrategy.block(SingleThreadedEventHandlingStrategy.java:77)
	at quickfix.mina.SingleThreadedEventHandlingStrategy$1.run(SingleThreadedEventHandlingStrategy.java:94)
	at java.lang.Thread.run(Thread.java:680)
Caused by: java.io.IOException: couldn't connect to [sazevedo.local/192.168.1.44:27017] bc:java.net.ConnectException: Connection refused
	at com.mongodb.DBPort._open(DBPort.java:228)
	at com.mongodb.DBPort.go(DBPort.java:112)
	at com.mongodb.DBPort.call(DBPort.java:79)
	at com.mongodb.DBTCPConnector.call(DBTCPConnector.java:218)
	... 12 more

20131017-03:17:05: Session FIX.4.4:EXECUTOR3->BVMF2 schedule is daily, 00:00:00-UTC - 23:59:00-UTC
20131017-03:17:05: Session state is not current; resetting FIX.4.4:EXECUTOR3->BVMF2
20131017-03:17:05: Created session: FIX.4.4:EXECUTOR3->BVMF2
20131017-03:17:07: Initiated logon request
20131017-03:17:07: Logon contains ResetSeqNumFlag=Y, resetting sequence numbers to 1
20131017-03:17:07: Received logon
20131017-03:42:20: Session FIX.4.4:EXECUTOR3->BVMF2 schedule is daily, 00:00:00-UTC - 23:59:00-UTC
20131017-03:42:20: Created session: FIX.4.4:EXECUTOR3->BVMF2
20131017-03:42:22: Initiated logon request
20131017-03:42:22: Logon contains ResetSeqNumFlag=Y, resetting sequence numbers to 1
20131017-03:42:22: Received logon
20131017-03:54:11: java.net.ConnectException: java.net.ConnectException: Connection refused (Next retry in 30000 milliseconds)
20131017-21:47:43: Session FIX.4.4:EXECUTOR3->BVMF2 schedule is daily, 00:00:00-UTC - 23:59:00-UTC
20131017-21:47:43: Created session: FIX.4.4:EXECUTOR3->BVMF2
20131017-21:47:44: Initiated logon request
20131017-21:47:44: Logon contains ResetSeqNumFlag=Y, resetting sequence numbers to 1
20131017-21:47:44: Received logon
20131017-21:51:40: java.net.ConnectException: java.net.ConnectException: Connection refused (Next retry in 30000 milliseconds)
20131017-21:52:04: Session FIX.4.4:EXECUTOR3->BVMF2 schedule is daily, 00:00:00-UTC - 23:59:00-UTC
20131017-21:52:04: Created session: FIX.4.4:EXECUTOR3->BVMF2
20131017-21:52:05: Initiated logon request
20131017-21:52:05: Logon contains ResetSeqNumFlag=Y, resetting sequence numbers to 1
20131017-21:52:05: Received logon
20131017-21:54:28: Session FIX.4.4:EXECUTOR3->BVMF2 schedule is daily, 00:00:00-UTC - 23:59:00-UTC
20131017-21:54:28: Created session: FIX.4.4:EXECUTOR3->BVMF2
20131017-21:54:29: Initiated logon request
20131017-21:54:29: Logon contains ResetSeqNumFlag=Y, resetting sequence numbers to 1
20131017-21:54:29: Received logon
20131017-21:58:09: Session FIX.4.4:EXECUTOR3->BVMF2 schedule is daily, 00:00:00-UTC - 23:59:00-UTC
20131017-21:58:09: Created session: FIX.4.4:EXECUTOR3->BVMF2
20131017-21:58:10: Initiated logon request
20131017-21:58:10: Logon contains ResetSeqNumFlag=Y, resetting sequence numbers to 1
20131017-21:58:10: Received logon
20131017-22:02:29: Session FIX.4.4:EXECUTOR3->BVMF2 schedule is daily, 00:00:00-UTC - 23:59:00-UTC
20131017-22:02:29: Created session: FIX.4.4:EXECUTOR3->BVMF2
20131017-22:02:30: Initiated logon request
20131017-22:02:30: Logon contains ResetSeqNumFlag=Y, resetting sequence numbers to 1
20131017-22:02:30: Received logon
20131017-22:05:02: java.net.ConnectException: java.net.ConnectException: Connection refused (Next retry in 30000 milliseconds)
20131017-22:05:10: Session FIX.4.4:EXECUTOR3->BVMF2 schedule is daily, 00:00:00-UTC - 23:59:00-UTC
20131017-22:05:10: Created session: FIX.4.4:EXECUTOR3->BVMF2
20131017-22:05:11: Initiated logon request
20131017-22:05:11: Logon contains ResetSeqNumFlag=Y, resetting sequence numbers to 1
20131017-22:05:11: Received logon
20131017-22:13:19: java.net.ConnectException: java.net.ConnectException: Connection refused (Next retry in 30000 milliseconds)
20131017-22:13:49: Initiated logon request
20131017-22:13:49: Logon contains ResetSeqNumFlag=Y, resetting sequence numbers to 1
20131017-22:13:49: Received logon
20131017-22:19:30: Session FIX.4.4:EXECUTOR3->BVMF2 schedule is daily, 00:00:00-UTC - 23:59:00-UTC
20131017-22:19:30: Created session: FIX.4.4:EXECUTOR3->BVMF2
20131017-22:19:31: Initiated logon request
20131017-22:19:31: Logon contains ResetSeqNumFlag=Y, resetting sequence numbers to 1
20131017-22:19:31: Received logon
20131017-22:22:18: java.net.ConnectException: java.net.ConnectException: Connection refused (Next retry in 30000 milliseconds)
20131017-22:22:32: Session FIX.4.4:EXECUTOR3->BVMF2 schedule is daily, 00:00:00-UTC - 23:59:00-UTC
20131017-22:22:32: Created session: FIX.4.4:EXECUTOR3->BVMF2
20131017-22:22:34: Initiated logon request
20131017-22:22:34: Logon contains ResetSeqNumFlag=Y, resetting sequence numbers to 1
20131017-22:22:34: Received logon
20131017-22:59:58: java.net.ConnectException: java.net.ConnectException: Connection refused (Next retry in 30000 milliseconds)
20131017-23:00:12: Session FIX.4.4:EXECUTOR3->BVMF2 schedule is daily, 00:00:00-UTC - 23:59:00-UTC
20131017-23:00:12: Created session: FIX.4.4:EXECUTOR3->BVMF2
20131017-23:00:13: Initiated logon request
20131017-23:00:13: Logon contains ResetSeqNumFlag=Y, resetting sequence numbers to 1
20131017-23:00:13: Received logon
20131017-23:35:48: java.net.ConnectException: java.net.ConnectException: Connection refused (Next retry in 30000 milliseconds)
20131017-23:36:04: Session FIX.4.4:EXECUTOR3->BVMF2 schedule is daily, 00:00:00-UTC - 23:59:00-UTC
20131017-23:36:04: Created session: FIX.4.4:EXECUTOR3->BVMF2
20131017-23:36:05: Initiated logon request
20131017-23:36:05: Logon contains ResetSeqNumFlag=Y, resetting sequence numbers to 1
20131017-23:36:05: Received logon
20131017-23:36:56: Session FIX.4.4:EXECUTOR3->BVMF2 schedule is daily, 00:00:00-UTC - 23:59:00-UTC
20131017-23:36:56: Created session: FIX.4.4:EXECUTOR3->BVMF2
20131017-23:36:57: Initiated logon request
20131017-23:36:57: Logon contains ResetSeqNumFlag=Y, resetting sequence numbers to 1
20131017-23:36:57: Received logon
20131017-23:41:21: java.net.ConnectException: java.net.ConnectException: Connection refused (Next retry in 30000 milliseconds)
